<?xml version="1.0" encoding="UTF-8"?>
<testsuite xmlns:xsi="http://www.w3.org/2001/XMLSchema-instance" xsi:noNamespaceSchemaLocation="https://maven.apache.org/surefire/maven-surefire-plugin/xsd/surefire-test-report-3.0.xsd" version="3.0" name="com.example.demo.data.product.ProductRepositoryTest" time="0.582" tests="5" errors="0" skipped="0" failures="0">
  <properties>
[...]
</properties>
  <testcase name="itShouldReturnClosestProductWhenGpsCoordinateAreClose" classname="com.example.demo.data.product.ProductRepositoryTest" time="0.295">
    <system-out><![CDATA[2023-11-16T21:09:20.014+01:00  INFO 46997 --- [           main] t.c.s.AnnotationConfigContextLoaderUtils : Could not detect default configuration classes for test class [com.example.demo.data.product.ProductRepositoryTest]: ProductRepositoryTest does not declare any static, non-private, non-final, nested classes annotated with @Configuration.
2023-11-16T21:09:20.028+01:00  INFO 46997 --- [           main] .b.t.c.SpringBootTestContextBootstrapper : Found @SpringBootConfiguration com.example.demo.NearByApplication for test class com.example.demo.data.product.ProductRepositoryTest

  .   ____          _            __ _ _
 /\\ / ___'_ __ _ _(_)_ __  __ _ \ \ \ \
( ( )\___ | '_ | '_| | '_ \/ _` | \ \ \ \
 \\/  ___)| |_)| | | | | || (_| |  ) ) ) )
  '  |____| .__|_| |_|_| |_\__, | / / / /
 =========|_|==============|___/=/_/_/_/
 :: Spring Boot ::                (v3.1.5)

2023-11-16T21:09:20.039+01:00  INFO 46997 --- [           main] c.e.d.d.product.ProductRepositoryTest    : Starting ProductRepositoryTest using Java 17.0.1 with PID 46997 (started by aldinmasovic in /Users/aldinmasovic/Downloads/nearBy/NearBy)
2023-11-16T21:09:20.039+01:00  INFO 46997 --- [           main] c.e.d.d.product.ProductRepositoryTest    : No active profile set, falling back to 1 default profile: "default"
2023-11-16T21:09:20.086+01:00  INFO 46997 --- [           main] .s.d.r.c.RepositoryConfigurationDelegate : Bootstrapping Spring Data JPA repositories in DEFAULT mode.
2023-11-16T21:09:20.092+01:00  INFO 46997 --- [           main] .s.d.r.c.RepositoryConfigurationDelegate : Finished Spring Data repository scanning in 5 ms. Found 3 JPA repository interfaces.
2023-11-16T21:09:20.118+01:00  INFO 46997 --- [           main] com.zaxxer.hikari.HikariDataSource       : HikariPool-2 - Starting...
2023-11-16T21:09:20.119+01:00  INFO 46997 --- [           main] com.zaxxer.hikari.pool.HikariPool        : HikariPool-2 - Added connection conn10: url=jdbc:h2:mem:testdb user=SA
2023-11-16T21:09:20.119+01:00  INFO 46997 --- [           main] com.zaxxer.hikari.HikariDataSource       : HikariPool-2 - Start completed.
2023-11-16T21:09:20.119+01:00  INFO 46997 --- [           main] o.f.c.i.database.base.BaseDatabaseType   : Database: jdbc:h2:mem:testdb (H2 2.1)
2023-11-16T21:09:20.123+01:00  INFO 46997 --- [           main] o.f.core.internal.command.DbValidate     : Successfully validated 6 migrations (execution time 00:00.002s)
2023-11-16T21:09:20.125+01:00  INFO 46997 --- [           main] o.f.core.internal.command.DbMigrate      : Current version of schema "PUBLIC": 2023.11.16.150
2023-11-16T21:09:20.125+01:00  INFO 46997 --- [           main] o.f.core.internal.command.DbMigrate      : Schema "PUBLIC" is up to date. No migration necessary.
2023-11-16T21:09:20.132+01:00  INFO 46997 --- [           main] o.hibernate.jpa.internal.util.LogHelper  : HHH000204: Processing PersistenceUnitInfo [name: default]
2023-11-16T21:09:20.134+01:00  INFO 46997 --- [           main] o.s.o.j.p.SpringPersistenceUnitInfo      : No LoadTimeWeaver setup: ignoring JPA class transformer
2023-11-16T21:09:20.134+01:00  WARN 46997 --- [           main] org.hibernate.dialect.Dialect            : HHH000511: The 2.1.0 version for [org.hibernate.dialect.PostgreSQLDialect] is no longer supported, hence certain features may not work properly. The minimum supported version is 10.0.0. Check the community dialects project for available legacy versions.
2023-11-16T21:09:20.134+01:00  WARN 46997 --- [           main] org.hibernate.orm.deprecation            : HHH90000025: PostgreSQLDialect does not need to be specified explicitly using 'hibernate.dialect' (remove the property setting and it will be selected by default)
2023-11-16T21:09:20.173+01:00  INFO 46997 --- [           main] o.h.e.t.j.p.i.JtaPlatformInitiator       : HHH000489: No JTA platform available (set 'hibernate.transaction.jta.platform' to enable JTA platform integration)
Hibernate: 
    alter table if exists category_products 
       drop constraint if exists FKe9irm5a62pmolhvr468cip3v3
Hibernate: 
    alter table if exists category_products 
       drop constraint if exists FKqwkr0l0xbluhhkm7s0c1tg8en
Hibernate: 
    alter table if exists image 
       drop constraint if exists FKgpextbyee3uk9u6o2381m7ft1
Hibernate: 
    alter table if exists price_history 
       drop constraint if exists FKccenwj0wsvy3enpt5ov384f3g
Hibernate: 
    alter table if exists product 
       drop constraint if exists FK1mtsbur82frn64de7balymq9s
Hibernate: 
    alter table if exists product_images 
       drop constraint if exists FKd99dtqyhwdbe0ngde824r2ogi
Hibernate: 
    alter table if exists product_images 
       drop constraint if exists FKi8jnqq05sk5nkma3pfp3ylqrt
Hibernate: 
    drop table if exists category cascade
Hibernate: 
    drop table if exists category_products cascade
Hibernate: 
    drop table if exists image cascade
Hibernate: 
    drop table if exists price_history cascade
Hibernate: 
    drop table if exists product cascade
Hibernate: 
    drop table if exists product_images cascade
Hibernate: 
    create table category (
        id bigserial not null,
        name varchar(255),
        primary key (id)
    )
Hibernate: 
    create table category_products (
        category_id bigint not null,
        products_id bigint not null unique,
        primary key (category_id, products_id)
    )
Hibernate: 
    create table image (
        id bigserial not null,
        product_id bigint,
        image_url varchar(255) not null,
        primary key (id)
    )
Hibernate: 
    create table price_history (
        price numeric(38,2),
        created_at timestamp(6),
        id bigserial not null,
        product_id bigint,
        primary key (id)
    )
Hibernate: 
    create table product (
        available_in_stock integer not null,
        latitude numeric(9,6),
        longitude numeric(9,6),
        price numeric(38,2) not null,
        category_id bigint,
        id bigserial not null,
        description varchar(255),
        image_url varchar(255),
        name varchar(255) not null,
        primary key (id)
    )
Hibernate: 
    create table product_images (
        images_id bigint not null unique,
        product_id bigint not null
    )
Hibernate: 
    alter table if exists category_products 
       add constraint FKe9irm5a62pmolhvr468cip3v3 
       foreign key (products_id) 
       references product
Hibernate: 
    alter table if exists category_products 
       add constraint FKqwkr0l0xbluhhkm7s0c1tg8en 
       foreign key (category_id) 
       references category
Hibernate: 
    alter table if exists image 
       add constraint FKgpextbyee3uk9u6o2381m7ft1 
       foreign key (product_id) 
       references product
Hibernate: 
    alter table if exists price_history 
       add constraint FKccenwj0wsvy3enpt5ov384f3g 
       foreign key (product_id) 
       references product
Hibernate: 
    alter table if exists product 
       add constraint FK1mtsbur82frn64de7balymq9s 
       foreign key (category_id) 
       references category
Hibernate: 
    alter table if exists product_images 
       add constraint FKd99dtqyhwdbe0ngde824r2ogi 
       foreign key (images_id) 
       references image
Hibernate: 
    alter table if exists product_images 
       add constraint FKi8jnqq05sk5nkma3pfp3ylqrt 
       foreign key (product_id) 
       references product
2023-11-16T21:09:20.184+01:00  INFO 46997 --- [           main] j.LocalContainerEntityManagerFactoryBean : Initialized JPA EntityManagerFactory for persistence unit 'default'
2023-11-16T21:09:20.240+01:00  INFO 46997 --- [           main] c.e.d.d.product.ProductRepositoryTest    : Started ProductRepositoryTest in 0.21 seconds (process running for 3.287)
Hibernate: 
    insert 
    into
        category
        (name) 
    values
        (?)
Hibernate: 
    insert 
    into
        product
        (available_in_stock,category_id,description,latitude,longitude,image_url,name,price) 
    values
        (?,?,?,?,?,?,?,?)
Hibernate: 
    insert 
    into
        product
        (available_in_stock,category_id,description,latitude,longitude,image_url,name,price) 
    values
        (?,?,?,?,?,?,?,?)
Hibernate: 
    insert 
    into
        product
        (available_in_stock,category_id,description,latitude,longitude,image_url,name,price) 
    values
        (?,?,?,?,?,?,?,?)
Hibernate: 
    select
        p1_0.id,
        p1_0.available_in_stock,
        p1_0.category_id,
        p1_0.description,
        p1_0.latitude,
        p1_0.longitude,
        p1_0.image_url,
        p1_0.name,
        p1_0.price 
    from
        product p1_0 
    where
        p1_0.available_in_stock>0 
    order by
        acos(((sin(?)*sin(p1_0.latitude))+((cos(?)*cos(p1_0.latitude))*cos((?-p1_0.longitude))))) 
    offset
        ? rows 
    fetch
        first ? rows only
Hibernate: 
    select
        p1_0.id,
        p1_0.available_in_stock,
        p1_0.category_id,
        p1_0.description,
        p1_0.latitude,
        p1_0.longitude,
        p1_0.image_url,
        p1_0.name,
        p1_0.price 
    from
        product p1_0
]]></system-out>
  </testcase>
  <testcase name="itShouldReturnProductsThatAreAvailableInStockGreaterThanZeroWithoutUsingFiltersOnPriceAndCategory" classname="com.example.demo.data.product.ProductRepositoryTest" time="0.017">
    <system-out><![CDATA[Hibernate: 
    insert 
    into
        category
        (name) 
    values
        (?)
Hibernate: 
    insert 
    into
        product
        (available_in_stock,category_id,description,latitude,longitude,image_url,name,price) 
    values
        (?,?,?,?,?,?,?,?)
Hibernate: 
    insert 
    into
        product
        (available_in_stock,category_id,description,latitude,longitude,image_url,name,price) 
    values
        (?,?,?,?,?,?,?,?)
Hibernate: 
    insert 
    into
        product
        (available_in_stock,category_id,description,latitude,longitude,image_url,name,price) 
    values
        (?,?,?,?,?,?,?,?)
Hibernate: 
    select
        p1_0.id,
        p1_0.available_in_stock,
        p1_0.category_id,
        p1_0.description,
        p1_0.latitude,
        p1_0.longitude,
        p1_0.image_url,
        p1_0.name,
        p1_0.price 
    from
        product p1_0 
    where
        p1_0.available_in_stock>? 
        and (
            ? is null 
            or p1_0.price>=?
        ) 
        and (
            ? is null 
            or p1_0.price<=?
        ) 
        and (
            ? is null 
            or p1_0.category_id=?
        ) 
    order by
        p1_0.price desc 
    offset
        ? rows 
    fetch
        first ? rows only
Hibernate: 
    select
        p1_0.id,
        p1_0.available_in_stock,
        p1_0.category_id,
        p1_0.description,
        p1_0.latitude,
        p1_0.longitude,
        p1_0.image_url,
        p1_0.name,
        p1_0.price 
    from
        product p1_0
]]></system-out>
  </testcase>
  <testcase name="itShouldReturnEmptyListWhenMinPriceIsGreaterThanAllProductsPrice" classname="com.example.demo.data.product.ProductRepositoryTest" time="0.01">
    <system-out><![CDATA[Hibernate: 
    insert 
    into
        category
        (name) 
    values
        (?)
Hibernate: 
    insert 
    into
        product
        (available_in_stock,category_id,description,latitude,longitude,image_url,name,price) 
    values
        (?,?,?,?,?,?,?,?)
Hibernate: 
    insert 
    into
        product
        (available_in_stock,category_id,description,latitude,longitude,image_url,name,price) 
    values
        (?,?,?,?,?,?,?,?)
Hibernate: 
    insert 
    into
        product
        (available_in_stock,category_id,description,latitude,longitude,image_url,name,price) 
    values
        (?,?,?,?,?,?,?,?)
Hibernate: 
    select
        p1_0.id,
        p1_0.available_in_stock,
        p1_0.category_id,
        p1_0.description,
        p1_0.latitude,
        p1_0.longitude,
        p1_0.image_url,
        p1_0.name,
        p1_0.price 
    from
        product p1_0 
    where
        p1_0.available_in_stock>? 
        and (
            ? is null 
            or p1_0.price>=?
        ) 
        and (
            ? is null 
            or p1_0.price<=?
        ) 
        and (
            ? is null 
            or p1_0.category_id=?
        ) 
    order by
        p1_0.price desc 
    offset
        ? rows 
    fetch
        first ? rows only
Hibernate: 
    select
        p1_0.id,
        p1_0.available_in_stock,
        p1_0.category_id,
        p1_0.description,
        p1_0.latitude,
        p1_0.longitude,
        p1_0.image_url,
        p1_0.name,
        p1_0.price 
    from
        product p1_0
]]></system-out>
  </testcase>
  <testcase name="itShouldReturnProductsThatAreAvailableInStockGreaterThanZero" classname="com.example.demo.data.product.ProductRepositoryTest" time="0.013">
    <system-out><![CDATA[Hibernate: 
    insert 
    into
        category
        (name) 
    values
        (?)
Hibernate: 
    insert 
    into
        product
        (available_in_stock,category_id,description,latitude,longitude,image_url,name,price) 
    values
        (?,?,?,?,?,?,?,?)
Hibernate: 
    insert 
    into
        product
        (available_in_stock,category_id,description,latitude,longitude,image_url,name,price) 
    values
        (?,?,?,?,?,?,?,?)
Hibernate: 
    insert 
    into
        product
        (available_in_stock,category_id,description,latitude,longitude,image_url,name,price) 
    values
        (?,?,?,?,?,?,?,?)
Hibernate: 
    select
        p1_0.id,
        p1_0.available_in_stock,
        p1_0.category_id,
        p1_0.description,
        p1_0.latitude,
        p1_0.longitude,
        p1_0.image_url,
        p1_0.name,
        p1_0.price 
    from
        product p1_0 
    where
        p1_0.available_in_stock>? 
        and (
            ? is null 
            or p1_0.price>=?
        ) 
        and (
            ? is null 
            or p1_0.price<=?
        ) 
        and (
            ? is null 
            or p1_0.category_id=?
        ) 
    order by
        p1_0.price 
    offset
        ? rows 
    fetch
        first ? rows only
Hibernate: 
    select
        p1_0.id,
        p1_0.available_in_stock,
        p1_0.category_id,
        p1_0.description,
        p1_0.latitude,
        p1_0.longitude,
        p1_0.image_url,
        p1_0.name,
        p1_0.price 
    from
        product p1_0
]]></system-out>
  </testcase>
  <testcase name="itShouldSaveProductWhenAllDataIsValid" classname="com.example.demo.data.product.ProductRepositoryTest" time="0.011">
    <system-out><![CDATA[Hibernate: 
    insert 
    into
        category
        (name) 
    values
        (?)
Hibernate: 
    insert 
    into
        product
        (available_in_stock,category_id,description,latitude,longitude,image_url,name,price) 
    values
        (?,?,?,?,?,?,?,?)
Hibernate: 
    select
        p1_0.id,
        p1_0.available_in_stock,
        p1_0.category_id,
        p1_0.description,
        p1_0.latitude,
        p1_0.longitude,
        p1_0.image_url,
        p1_0.name,
        p1_0.price 
    from
        product p1_0
]]></system-out>
  </testcase>
</testsuite>