<?xml version="1.0" encoding="UTF-8"?>
<testsuite xmlns:xsi="http://www.w3.org/2001/XMLSchema-instance" xsi:noNamespaceSchemaLocation="https://maven.apache.org/surefire/maven-surefire-plugin/xsd/surefire-test-report-3.0.xsd" version="3.0" name="com.example.demo.NearByApplicationTests" time="3.27" tests="1" errors="0" skipped="0" failures="0">
  <properties>
[...]
</properties>
  <testcase name="contextLoads" classname="com.example.demo.NearByApplicationTests" time="0.28">
    <system-out><![CDATA[21:14:33.455 [main] INFO org.springframework.test.context.support.AnnotationConfigContextLoaderUtils -- Could not detect default configuration classes for test class [com.example.demo.NearByApplicationTests]: NearByApplicationTests does not declare any static, non-private, non-final, nested classes annotated with @Configuration.
21:14:33.543 [main] INFO org.springframework.boot.test.context.SpringBootTestContextBootstrapper -- Found @SpringBootConfiguration com.example.demo.NearByApplication for test class com.example.demo.NearByApplicationTests

  .   ____          _            __ _ _
 /\\ / ___'_ __ _ _(_)_ __  __ _ \ \ \ \
( ( )\___ | '_ | '_| | '_ \/ _` | \ \ \ \
 \\/  ___)| |_)| | | | | || (_| |  ) ) ) )
  '  |____| .__|_| |_|_| |_\__, | / / / /
 =========|_|==============|___/=/_/_/_/
 :: Spring Boot ::                (v3.1.5)

2023-11-16T21:14:33.755+01:00  INFO 47198 --- [           main] c.example.demo.NearByApplicationTests    : Starting NearByApplicationTests using Java 17.0.1 with PID 47198 (started by aldinmasovic in /Users/aldinmasovic/Downloads/nearBy/NearBy)
2023-11-16T21:14:33.756+01:00  INFO 47198 --- [           main] c.example.demo.NearByApplicationTests    : No active profile set, falling back to 1 default profile: "default"
2023-11-16T21:14:34.085+01:00  INFO 47198 --- [           main] .s.d.r.c.RepositoryConfigurationDelegate : Bootstrapping Spring Data JPA repositories in DEFAULT mode.
2023-11-16T21:14:34.118+01:00  INFO 47198 --- [           main] .s.d.r.c.RepositoryConfigurationDelegate : Finished Spring Data repository scanning in 27 ms. Found 3 JPA repository interfaces.
2023-11-16T21:14:34.366+01:00  INFO 47198 --- [           main] o.f.c.internal.license.VersionPrinter    : Flyway Community Edition 9.16.3 by Redgate
2023-11-16T21:14:34.366+01:00  INFO 47198 --- [           main] o.f.c.internal.license.VersionPrinter    : See release notes here: https://rd.gt/416ObMi
2023-11-16T21:14:34.366+01:00  INFO 47198 --- [           main] o.f.c.internal.license.VersionPrinter    : 
2023-11-16T21:14:34.370+01:00  INFO 47198 --- [           main] com.zaxxer.hikari.HikariDataSource       : HikariPool-1 - Starting...
2023-11-16T21:14:34.478+01:00  INFO 47198 --- [           main] com.zaxxer.hikari.pool.HikariPool        : HikariPool-1 - Added connection conn0: url=jdbc:h2:mem:testdb user=SA
2023-11-16T21:14:34.478+01:00  INFO 47198 --- [           main] com.zaxxer.hikari.HikariDataSource       : HikariPool-1 - Start completed.
2023-11-16T21:14:34.484+01:00  INFO 47198 --- [           main] o.f.c.i.database.base.BaseDatabaseType   : Database: jdbc:h2:mem:testdb (H2 2.1)
2023-11-16T21:14:34.525+01:00  INFO 47198 --- [           main] o.f.c.i.s.JdbcTableSchemaHistory         : Schema history table "PUBLIC"."flyway_schema_history" does not exist yet
2023-11-16T21:14:34.526+01:00  INFO 47198 --- [           main] o.f.core.internal.command.DbValidate     : Successfully validated 6 migrations (execution time 00:00.006s)
2023-11-16T21:14:34.529+01:00  INFO 47198 --- [           main] o.f.c.i.s.JdbcTableSchemaHistory         : Creating Schema History table "PUBLIC"."flyway_schema_history" ...
2023-11-16T21:14:34.539+01:00  INFO 47198 --- [           main] o.f.core.internal.command.DbMigrate      : Current version of schema "PUBLIC": << Empty Schema >>
2023-11-16T21:14:34.541+01:00  INFO 47198 --- [           main] o.f.core.internal.command.DbMigrate      : Migrating schema "PUBLIC" to version "2023.11.16.100 - create table category"
2023-11-16T21:14:34.546+01:00  INFO 47198 --- [           main] o.f.core.internal.command.DbMigrate      : Migrating schema "PUBLIC" to version "2023.11.16.110 - create table image"
2023-11-16T21:14:34.551+01:00  INFO 47198 --- [           main] o.f.core.internal.command.DbMigrate      : Migrating schema "PUBLIC" to version "2023.11.16.120 - create table product"
2023-11-16T21:14:34.559+01:00  INFO 47198 --- [           main] o.f.core.internal.command.DbMigrate      : Migrating schema "PUBLIC" to version "2023.11.16.130 - create table price history"
2023-11-16T21:14:34.563+01:00  INFO 47198 --- [           main] o.f.core.internal.command.DbMigrate      : Migrating schema "PUBLIC" to version "2023.11.16.140 - insert data category"
2023-11-16T21:14:34.567+01:00  INFO 47198 --- [           main] o.f.core.internal.command.DbMigrate      : Migrating schema "PUBLIC" to version "2023.11.16.150 - insert data product"
2023-11-16T21:14:34.571+01:00  INFO 47198 --- [           main] o.f.core.internal.command.DbMigrate      : Successfully applied 6 migrations to schema "PUBLIC", now at version v2023.11.16.150 (execution time 00:00.033s)
2023-11-16T21:14:34.641+01:00  INFO 47198 --- [           main] o.hibernate.jpa.internal.util.LogHelper  : HHH000204: Processing PersistenceUnitInfo [name: default]
2023-11-16T21:14:34.681+01:00  INFO 47198 --- [           main] org.hibernate.Version                    : HHH000412: Hibernate ORM core version 6.2.13.Final
2023-11-16T21:14:34.684+01:00  INFO 47198 --- [           main] org.hibernate.cfg.Environment            : HHH000406: Using bytecode reflection optimizer
2023-11-16T21:14:34.826+01:00  INFO 47198 --- [           main] o.s.o.j.p.SpringPersistenceUnitInfo      : No LoadTimeWeaver setup: ignoring JPA class transformer
2023-11-16T21:14:34.848+01:00  WARN 47198 --- [           main] org.hibernate.dialect.Dialect            : HHH000511: The 2.1.0 version for [org.hibernate.dialect.PostgreSQLDialect] is no longer supported, hence certain features may not work properly. The minimum supported version is 10.0.0. Check the community dialects project for available legacy versions.
2023-11-16T21:14:34.850+01:00  WARN 47198 --- [           main] org.hibernate.orm.deprecation            : HHH90000025: PostgreSQLDialect does not need to be specified explicitly using 'hibernate.dialect' (remove the property setting and it will be selected by default)
2023-11-16T21:14:35.291+01:00  INFO 47198 --- [           main] o.h.e.t.j.p.i.JtaPlatformInitiator       : HHH000489: No JTA platform available (set 'hibernate.transaction.jta.platform' to enable JTA platform integration)
Hibernate: 
    alter table if exists category_products 
       drop constraint if exists FKe9irm5a62pmolhvr468cip3v3
Hibernate: 
    alter table if exists category_products 
       drop constraint if exists FKqwkr0l0xbluhhkm7s0c1tg8en
Hibernate: 
    alter table if exists image 
       drop constraint if exists FKgpextbyee3uk9u6o2381m7ft1
Hibernate: 
    alter table if exists price_history 
       drop constraint if exists FKccenwj0wsvy3enpt5ov384f3g
Hibernate: 
    alter table if exists product 
       drop constraint if exists FK1mtsbur82frn64de7balymq9s
Hibernate: 
    alter table if exists product_images 
       drop constraint if exists FKd99dtqyhwdbe0ngde824r2ogi
Hibernate: 
    alter table if exists product_images 
       drop constraint if exists FKi8jnqq05sk5nkma3pfp3ylqrt
Hibernate: 
    drop table if exists category cascade
Hibernate: 
    drop table if exists category_products cascade
Hibernate: 
    drop table if exists image cascade
Hibernate: 
    drop table if exists price_history cascade
Hibernate: 
    drop table if exists product cascade
Hibernate: 
    drop table if exists product_images cascade
Hibernate: 
    create table category (
        id bigserial not null,
        name varchar(255),
        primary key (id)
    )
Hibernate: 
    create table category_products (
        category_id bigint not null,
        products_id bigint not null unique,
        primary key (category_id, products_id)
    )
Hibernate: 
    create table image (
        id bigserial not null,
        product_id bigint,
        image_url varchar(255) not null,
        primary key (id)
    )
Hibernate: 
    create table price_history (
        price numeric(38,2),
        created_at timestamp(6),
        id bigserial not null,
        product_id bigint,
        primary key (id)
    )
Hibernate: 
    create table product (
        available_in_stock integer not null,
        latitude numeric(9,6),
        longitude numeric(9,6),
        price numeric(38,2) not null,
        category_id bigint,
        id bigserial not null,
        description varchar(255),
        image_url varchar(255),
        name varchar(255) not null,
        primary key (id)
    )
Hibernate: 
    create table product_images (
        images_id bigint not null unique,
        product_id bigint not null
    )
Hibernate: 
    alter table if exists category_products 
       add constraint FKe9irm5a62pmolhvr468cip3v3 
       foreign key (products_id) 
       references product
Hibernate: 
    alter table if exists category_products 
       add constraint FKqwkr0l0xbluhhkm7s0c1tg8en 
       foreign key (category_id) 
       references category
Hibernate: 
    alter table if exists image 
       add constraint FKgpextbyee3uk9u6o2381m7ft1 
       foreign key (product_id) 
       references product
Hibernate: 
    alter table if exists price_history 
       add constraint FKccenwj0wsvy3enpt5ov384f3g 
       foreign key (product_id) 
       references product
Hibernate: 
    alter table if exists product 
       add constraint FK1mtsbur82frn64de7balymq9s 
       foreign key (category_id) 
       references category
Hibernate: 
    alter table if exists product_images 
       add constraint FKd99dtqyhwdbe0ngde824r2ogi 
       foreign key (images_id) 
       references image
Hibernate: 
    alter table if exists product_images 
       add constraint FKi8jnqq05sk5nkma3pfp3ylqrt 
       foreign key (product_id) 
       references product
2023-11-16T21:14:35.313+01:00  INFO 47198 --- [           main] j.LocalContainerEntityManagerFactoryBean : Initialized JPA EntityManagerFactory for persistence unit 'default'
2023-11-16T21:14:35.482+01:00  INFO 47198 --- [           main] o.s.d.j.r.query.QueryEnhancerFactory     : Hibernate is in classpath; If applicable, HQL parser will be used.
2023-11-16T21:14:35.805+01:00  WARN 47198 --- [           main] JpaBaseConfiguration$JpaWebConfiguration : spring.jpa.open-in-view is enabled by default. Therefore, database queries may be performed during view rendering. Explicitly configure spring.jpa.open-in-view to disable this warning
2023-11-16T21:14:36.315+01:00  INFO 47198 --- [           main] c.example.demo.NearByApplicationTests    : Started NearByApplicationTests in 2.668 seconds (process running for 3.309)
]]></system-out>
  </testcase>
</testsuite>